{"level":30,"time":"2025-09-03T11:45:59.735Z","pid":2520,"hostname":"Chitrarasu","reqId":"req-4d","res":{"statusCode":200},"responseTime":5.689099997282028,"msg":"request completed"}
{"level":30,"time":"2025-09-03T11:46:29.734Z","pid":2520,"hostname":"Chitrarasu","reqId":"req-4e","req":{"method":"GET","url":"/api/notifications/unread-count/1","host":"localhost:3001","remoteAddress":"::1","remotePort":61521},"msg":"incoming request"}
{"level":30,"time":"2025-09-03T11:46:29.736Z","pid":2520,"hostname":"Chitrarasu","reqId":"req-4e","res":{"statusCode":200},"responseTime":2.3584000170230865,"msg":"request completed"}
{"level":30,"time":"2025-09-03T11:46:59.731Z","pid":2520,"hostname":"Chitrarasu","reqId":"req-4f","req":{"method":"GET","url":"/api/notifications/unread-count/1","host":"localhost:3001","remoteAddress":"::1","remotePort":54247},"msg":"incoming request"}
{"level":30,"time":"2025-09-03T11:46:59.734Z","pid":2520,"hostname":"Chitrarasu","reqId":"req-4f","res":{"statusCode":200},"responseTime":2.608499974012375,"msg":"request completed"}
{"level":30,"time":"2025-09-03T11:47:29.745Z","pid":2520,"hostname":"Chitrarasu","reqId":"req-4g","req":{"method":"GET","url":"/api/notifications/unread-count/1","host":"localhost:3001","remoteAddress":"::1","remotePort":55994},"msg":"incoming request"}
{"level":30,"time":"2025-09-03T11:47:29.750Z","pid":2520,"hostname":"Chitrarasu","reqId":"req-4g","res":{"statusCode":200},"responseTime":5.0085999965667725,"msg":"request completed"}
{"level":30,"time":"2025-09-03T11:47:59.728Z","pid":2520,"hostname":"Chitrarasu","reqId":"req-4h","req":{"method":"GET","url":"/api/notifications/unread-count/1","host":"localhost:3001","remoteAddress":"::1","remotePort":60900},"msg":"incoming request"}
{"level":30,"time":"2025-09-03T11:47:59.730Z","pid":2520,"hostname":"Chitrarasu","reqId":"req-4h","res":{"statusCode":200},"responseTime":2.2809999883174896,"msg":"request completed"}
{"level":30,"time":"2025-09-03T11:48:29.732Z","pid":2520,"hostname":"Chitrarasu","reqId":"req-4i","req":{"method":"GET","url":"/api/notifications/unread-count/1","host":"localhost:3001","remoteAddress":"::1","remotePort":50061},"msg":"incoming request"}
{"level":30,"time":"2025-09-03T11:48:29.735Z","pid":2520,"hostname":"Chitrarasu","reqId":"req-4i","res":{"statusCode":200},"responseTime":2.474900007247925,"msg":"request completed"}
{"level":30,"time":"2025-09-03T11:48:59.736Z","pid":2520,"hostname":"Chitrarasu","reqId":"req-4j","req":{"method":"GET","url":"/api/notifications/unread-count/1","host":"localhost:3001","remoteAddress":"::1","remotePort":55061},"msg":"incoming request"}
{"level":30,"time":"2025-09-03T11:48:59.739Z","pid":2520,"hostname":"Chitrarasu","reqId":"req-4j","res":{"statusCode":200},"responseTime":2.3291999995708466,"msg":"request completed"}
{"level":30,"time":"2025-09-03T11:49:00.052Z","pid":2520,"hostname":"Chitrarasu","reqId":"req-4k","req":{"method":"GET","url":"/api/entity?code=&name=&isActive=true&getCount=true&pageNo=1&limit=10","host":"localhost:3001","remoteAddress":"::1","remotePort":55062},"msg":"incoming request"}
{"level":30,"time":"2025-09-03T11:49:00.068Z","pid":2520,"hostname":"Chitrarasu","reqId":"req-4k","res":{"statusCode":200},"responseTime":16.094999998807907,"msg":"request completed"}
{"level":30,"time":"2025-09-03T11:49:00.082Z","pid":2520,"hostname":"Chitrarasu","reqId":"req-4l","req":{"method":"GET","url":"/api/entity?code=&name=&isActive=true&getCount=true&pageNo=1&limit=10","host":"localhost:3001","remoteAddress":"::1","remotePort":51065},"msg":"incoming request"}
{"level":30,"time":"2025-09-03T11:49:00.095Z","pid":2520,"hostname":"Chitrarasu","reqId":"req-4l","res":{"statusCode":200},"responseTime":12.58899998664856,"msg":"request completed"}
{"level":30,"time":"2025-09-03T11:49:00.577Z","pid":2520,"hostname":"Chitrarasu","reqId":"req-4m","req":{"method":"GET","url":"/api/no-guards/category1?codeOrName=&limit=10","host":"localhost:3001","remoteAddress":"::1","remotePort":52165},"msg":"incoming request"}
{"level":30,"time":"2025-09-03T11:49:00.579Z","pid":2520,"hostname":"Chitrarasu","reqId":"req-4n","req":{"method":"GET","url":"/api/category1?codeOrName=&limit=10","host":"localhost:3001","remoteAddress":"127.0.0.1"},"msg":"incoming request"}
{"level":30,"time":"2025-09-03T11:49:00.583Z","pid":2520,"hostname":"Chitrarasu","reqId":"req-4o","req":{"method":"GET","url":"/api/no-guards/category2?codeOrName=&limit=10","host":"localhost:3001","remoteAddress":"::1","remotePort":52166},"msg":"incoming request"}
{"level":30,"time":"2025-09-03T11:49:00.588Z","pid":2520,"hostname":"Chitrarasu","reqId":"req-4p","req":{"method":"GET","url":"/api/category2?codeOrName=&limit=10","host":"localhost:3001","remoteAddress":"127.0.0.1"},"msg":"incoming request"}
{"level":30,"time":"2025-09-03T11:49:00.593Z","pid":2520,"hostname":"Chitrarasu","reqId":"req-4n","res":{"statusCode":200},"responseTime":13.82480001449585,"msg":"request completed"}
{"level":30,"time":"2025-09-03T11:49:00.594Z","pid":2520,"hostname":"Chitrarasu","reqId":"req-4m","res":{"statusCode":200},"responseTime":17.402200013399124,"msg":"request completed"}
{"level":30,"time":"2025-09-03T11:49:00.624Z","pid":2520,"hostname":"Chitrarasu","reqId":"req-4p","res":{"statusCode":200},"responseTime":35.40490001440048,"msg":"request completed"}
{"level":30,"time":"2025-09-03T11:49:00.625Z","pid":2520,"hostname":"Chitrarasu","reqId":"req-4o","res":{"statusCode":200},"responseTime":41.897700011730194,"msg":"request completed"}
{"level":30,"time":"2025-09-03T11:49:02.158Z","pid":2520,"hostname":"Chitrarasu","reqId":"req-4q","req":{"method":"GET","url":"/api/no-guards/category1?codeOrName=&limit=10","host":"localhost:3001","remoteAddress":"::1","remotePort":53572},"msg":"incoming request"}
{"level":30,"time":"2025-09-03T11:49:02.159Z","pid":2520,"hostname":"Chitrarasu","reqId":"req-4r","req":{"method":"GET","url":"/api/category1?codeOrName=&limit=10","host":"localhost:3001","remoteAddress":"127.0.0.1"},"msg":"incoming request"}
{"level":30,"time":"2025-09-03T11:49:02.160Z","pid":2520,"hostname":"Chitrarasu","reqId":"req-4s","req":{"method":"GET","url":"/api/no-guards/category2?codeOrName=&limit=10","host":"localhost:3001","remoteAddress":"::1","remotePort":53573},"msg":"incoming request"}
{"level":30,"time":"2025-09-03T11:49:02.162Z","pid":2520,"hostname":"Chitrarasu","reqId":"req-4t","req":{"method":"GET","url":"/api/category2?codeOrName=&limit=10","host":"localhost:3001","remoteAddress":"127.0.0.1"},"msg":"incoming request"}
{"level":30,"time":"2025-09-03T11:49:02.163Z","pid":2520,"hostname":"Chitrarasu","reqId":"req-4u","req":{"method":"GET","url":"/api/no-guards/category3?codeOrName=&limit=10","host":"localhost:3001","remoteAddress":"::1","remotePort":53574},"msg":"incoming request"}
{"level":30,"time":"2025-09-03T11:49:02.165Z","pid":2520,"hostname":"Chitrarasu","reqId":"req-4v","req":{"method":"GET","url":"/api/category3?codeOrName=&limit=10","host":"localhost:3001","remoteAddress":"127.0.0.1"},"msg":"incoming request"}
{"level":30,"time":"2025-09-03T11:49:02.179Z","pid":2520,"hostname":"Chitrarasu","reqId":"req-4r","res":{"statusCode":200},"responseTime":19.357300013303757,"msg":"request completed"}
{"level":30,"time":"2025-09-03T11:49:02.179Z","pid":2520,"hostname":"Chitrarasu","reqId":"req-4q","res":{"statusCode":200},"responseTime":20.90590000152588,"msg":"request completed"}
{"level":30,"time":"2025-09-03T11:49:02.182Z","pid":2520,"hostname":"Chitrarasu","reqId":"req-4t","res":{"statusCode":200},"responseTime":20.69249999523163,"msg":"request completed"}
{"level":30,"time":"2025-09-03T11:49:02.183Z","pid":2520,"hostname":"Chitrarasu","reqId":"req-4s","res":{"statusCode":200},"responseTime":22.477899998426437,"msg":"request completed"}
{"level":30,"time":"2025-09-03T11:49:02.295Z","pid":2520,"hostname":"Chitrarasu","reqId":"req-4v","res":{"statusCode":200},"responseTime":130.79150000214577,"msg":"request completed"}
{"level":30,"time":"2025-09-03T11:49:02.296Z","pid":2520,"hostname":"Chitrarasu","reqId":"req-4u","res":{"statusCode":200},"responseTime":132.75130000710487,"msg":"request completed"}
{"level":30,"time":"2025-09-03T11:49:29.727Z","pid":2520,"hostname":"Chitrarasu","reqId":"req-4w","req":{"method":"GET","url":"/api/notifications/unread-count/1","host":"localhost:3001","remoteAddress":"::1","remotePort":59212},"msg":"incoming request"}
{"level":30,"time":"2025-09-03T11:49:29.743Z","pid":2520,"hostname":"Chitrarasu","reqId":"req-4w","res":{"statusCode":200},"responseTime":15.376500010490417,"msg":"request completed"}
{"level":30,"time":"2025-09-03T11:49:59.738Z","pid":2520,"hostname":"Chitrarasu","reqId":"req-4x","req":{"method":"GET","url":"/api/notifications/unread-count/1","host":"localhost:3001","remoteAddress":"::1","remotePort":52812},"msg":"incoming request"}
{"level":30,"time":"2025-09-03T11:49:59.741Z","pid":2520,"hostname":"Chitrarasu","reqId":"req-4x","res":{"statusCode":200},"responseTime":2.3134999871253967,"msg":"request completed"}
{"level":30,"time":"2025-09-03T11:50:14.829Z","pid":2520,"hostname":"Chitrarasu","reqId":"req-4y","req":{"method":"GET","url":"/api/no-guards/category3?codeOrName=&limit=10","host":"localhost:3001","remoteAddress":"::1","remotePort":49749},"msg":"incoming request"}
{"level":30,"time":"2025-09-03T11:50:14.830Z","pid":2520,"hostname":"Chitrarasu","reqId":"req-4z","req":{"method":"GET","url":"/api/category3?codeOrName=&limit=10","host":"localhost:3001","remoteAddress":"127.0.0.1"},"msg":"incoming request"}
{"level":30,"time":"2025-09-03T11:50:14.832Z","pid":2520,"hostname":"Chitrarasu","reqId":"req-50","req":{"method":"GET","url":"/api/no-guards/category2?codeOrName=&limit=10","host":"localhost:3001","remoteAddress":"::1","remotePort":49750},"msg":"incoming request"}
{"level":30,"time":"2025-09-03T11:50:14.833Z","pid":2520,"hostname":"Chitrarasu","reqId":"req-51","req":{"method":"GET","url":"/api/category2?codeOrName=&limit=10","host":"localhost:3001","remoteAddress":"127.0.0.1"},"msg":"incoming request"}
{"level":30,"time":"2025-09-03T11:50:14.835Z","pid":2520,"hostname":"Chitrarasu","reqId":"req-52","req":{"method":"GET","url":"/api/no-guards/category1?codeOrName=&limit=10","host":"localhost:3001","remoteAddress":"::1","remotePort":49751},"msg":"incoming request"}
{"level":30,"time":"2025-09-03T11:50:14.836Z","pid":2520,"hostname":"Chitrarasu","reqId":"req-53","req":{"method":"GET","url":"/api/category1?codeOrName=&limit=10","host":"localhost:3001","remoteAddress":"127.0.0.1"},"msg":"incoming request"}
{"level":30,"time":"2025-09-03T11:50:14.842Z","pid":2520,"hostname":"Chitrarasu","reqId":"req-53","res":{"statusCode":200},"responseTime":5.58270001411438,"msg":"request completed"}
{"level":30,"time":"2025-09-03T11:50:14.842Z","pid":2520,"hostname":"Chitrarasu","reqId":"req-52","res":{"statusCode":200},"responseTime":7.291900008916855,"msg":"request completed"}
{"level":30,"time":"2025-09-03T11:50:14.848Z","pid":2520,"hostname":"Chitrarasu","reqId":"req-4z","res":{"statusCode":200},"responseTime":17.45219999551773,"msg":"request completed"}
{"level":30,"time":"2025-09-03T11:50:14.848Z","pid":2520,"hostname":"Chitrarasu","reqId":"req-4y","res":{"statusCode":200},"responseTime":18.82429999113083,"msg":"request completed"}
{"level":30,"time":"2025-09-03T11:50:14.850Z","pid":2520,"hostname":"Chitrarasu","reqId":"req-51","res":{"statusCode":200},"responseTime":17.516099989414215,"msg":"request completed"}
{"level":30,"time":"2025-09-03T11:50:14.851Z","pid":2520,"hostname":"Chitrarasu","reqId":"req-50","res":{"statusCode":200},"responseTime":19.408300012350082,"msg":"request completed"}
{"level":30,"time":"2025-09-03T11:50:29.725Z","pid":2520,"hostname":"Chitrarasu","reqId":"req-54","req":{"method":"GET","url":"/api/notifications/unread-count/1","host":"localhost:3001","remoteAddress":"::1","remotePort":55130},"msg":"incoming request"}
{"level":30,"time":"2025-09-03T11:50:29.728Z","pid":2520,"hostname":"Chitrarasu","reqId":"req-54","res":{"statusCode":200},"responseTime":2.401500016450882,"msg":"request completed"}
{"level":30,"time":"2025-09-03T11:50:55.007Z","pid":2520,"hostname":"Chitrarasu","reqId":"req-55","req":{"method":"GET","url":"/api/no-guards/category2?codeOrName=&limit=10","host":"localhost:3001","remoteAddress":"::1","remotePort":63651},"msg":"incoming request"}
{"level":30,"time":"2025-09-03T11:50:55.009Z","pid":2520,"hostname":"Chitrarasu","reqId":"req-56","req":{"method":"GET","url":"/api/category2?codeOrName=&limit=10","host":"localhost:3001","remoteAddress":"127.0.0.1"},"msg":"incoming request"}
{"level":30,"time":"2025-09-03T11:50:55.011Z","pid":2520,"hostname":"Chitrarasu","reqId":"req-57","req":{"method":"GET","url":"/api/no-guards/category3?codeOrName=&limit=10","host":"localhost:3001","remoteAddress":"::1","remotePort":63652},"msg":"incoming request"}
{"level":30,"time":"2025-09-03T11:50:55.012Z","pid":2520,"hostname":"Chitrarasu","reqId":"req-58","req":{"method":"GET","url":"/api/category3?codeOrName=&limit=10","host":"localhost:3001","remoteAddress":"127.0.0.1"},"msg":"incoming request"}
{"level":30,"time":"2025-09-03T11:50:55.014Z","pid":2520,"hostname":"Chitrarasu","reqId":"req-59","req":{"method":"GET","url":"/api/no-guards/category1?codeOrName=&limit=10","host":"localhost:3001","remoteAddress":"::1","remotePort":63653},"msg":"incoming request"}
{"level":30,"time":"2025-09-03T11:50:55.014Z","pid":2520,"hostname":"Chitrarasu","reqId":"req-5a","req":{"method":"GET","url":"/api/category1?codeOrName=&limit=10","host":"localhost:3001","remoteAddress":"127.0.0.1"},"msg":"incoming request"}
{"level":30,"time":"2025-09-03T11:50:55.024Z","pid":2520,"hostname":"Chitrarasu","reqId":"req-5a","res":{"statusCode":200},"responseTime":9.759399980306625,"msg":"request completed"}
{"level":30,"time":"2025-09-03T11:50:55.025Z","pid":2520,"hostname":"Chitrarasu","reqId":"req-59","res":{"statusCode":200},"responseTime":11.212500005960464,"msg":"request completed"}
{"level":30,"time":"2025-09-03T11:50:55.028Z","pid":2520,"hostname":"Chitrarasu","reqId":"req-56","res":{"statusCode":200},"responseTime":18.87380000948906,"msg":"request completed"}
{"level":30,"time":"2025-09-03T11:50:55.029Z","pid":2520,"hostname":"Chitrarasu","reqId":"req-55","res":{"statusCode":200},"responseTime":21.287499994039536,"msg":"request completed"}
{"level":30,"time":"2025-09-03T11:50:55.034Z","pid":2520,"hostname":"Chitrarasu","reqId":"req-58","res":{"statusCode":200},"responseTime":21.943800002336502,"msg":"request completed"}
{"level":30,"time":"2025-09-03T11:50:55.035Z","pid":2520,"hostname":"Chitrarasu","reqId":"req-57","res":{"statusCode":200},"responseTime":23.602200001478195,"msg":"request completed"}
{"level":30,"time":"2025-09-03T11:50:59.741Z","pid":2520,"hostname":"Chitrarasu","reqId":"req-5b","req":{"method":"GET","url":"/api/notifications/unread-count/1","host":"localhost:3001","remoteAddress":"::1","remotePort":52355},"msg":"incoming request"}
{"level":30,"time":"2025-09-03T11:50:59.744Z","pid":2520,"hostname":"Chitrarasu","reqId":"req-5b","res":{"statusCode":200},"responseTime":3.0503000020980835,"msg":"request completed"}
{"level":30,"time":"2025-09-03T11:51:29.735Z","pid":2520,"hostname":"Chitrarasu","reqId":"req-5c","req":{"method":"GET","url":"/api/notifications/unread-count/1","host":"localhost:3001","remoteAddress":"::1","remotePort":59512},"msg":"incoming request"}
{"level":30,"time":"2025-09-03T11:51:29.737Z","pid":2520,"hostname":"Chitrarasu","reqId":"req-5c","res":{"statusCode":200},"responseTime":2.185800015926361,"msg":"request completed"}
{"level":30,"time":"2025-09-03T11:51:59.736Z","pid":2520,"hostname":"Chitrarasu","reqId":"req-5d","req":{"method":"GET","url":"/api/notifications/unread-count/1","host":"localhost:3001","remoteAddress":"::1","remotePort":64603},"msg":"incoming request"}
{"level":30,"time":"2025-09-03T11:51:59.739Z","pid":2520,"hostname":"Chitrarasu","reqId":"req-5d","res":{"statusCode":200},"responseTime":2.9706000089645386,"msg":"request completed"}
{"level":30,"time":"2025-09-03T11:52:29.736Z","pid":2520,"hostname":"Chitrarasu","reqId":"req-5e","req":{"method":"GET","url":"/api/notifications/unread-count/1","host":"localhost:3001","remoteAddress":"::1","remotePort":61658},"msg":"incoming request"}
{"level":30,"time":"2025-09-03T11:52:29.742Z","pid":2520,"hostname":"Chitrarasu","reqId":"req-5e","res":{"statusCode":200},"responseTime":5.684599995613098,"msg":"request completed"}
{"level":30,"time":"2025-09-03T11:52:59.727Z","pid":2520,"hostname":"Chitrarasu","reqId":"req-5f","req":{"method":"GET","url":"/api/notifications/unread-count/1","host":"localhost:3001","remoteAddress":"::1","remotePort":60146},"msg":"incoming request"}
{"level":30,"time":"2025-09-03T11:52:59.730Z","pid":2520,"hostname":"Chitrarasu","reqId":"req-5f","res":{"statusCode":200},"responseTime":2.714599996805191,"msg":"request completed"}
{"level":30,"time":"2025-09-03T11:53:29.734Z","pid":2520,"hostname":"Chitrarasu","reqId":"req-5g","req":{"method":"GET","url":"/api/notifications/unread-count/1","host":"localhost:3001","remoteAddress":"::1","remotePort":55747},"msg":"incoming request"}
{"level":30,"time":"2025-09-03T11:53:29.736Z","pid":2520,"hostname":"Chitrarasu","reqId":"req-5g","res":{"statusCode":200},"responseTime":2.1140999794006348,"msg":"request completed"}
{"level":30,"time":"2025-09-03T11:53:46.148Z","pid":2520,"hostname":"Chitrarasu","reqId":"req-5h","req":{"method":"GET","url":"/api/reference-master?code=&name=&isActive=true&getCount=true&pageNo=1&limit=10","host":"localhost:3001","remoteAddress":"::1","remotePort":52609},"msg":"incoming request"}
{"level":30,"time":"2025-09-03T11:53:46.184Z","pid":2520,"hostname":"Chitrarasu","reqId":"req-5h","res":{"statusCode":200},"responseTime":35.74289998412132,"msg":"request completed"}
{"level":30,"time":"2025-09-03T11:53:46.200Z","pid":2520,"hostname":"Chitrarasu","reqId":"req-5i","req":{"method":"GET","url":"/api/reference-master?code=&name=&isActive=true&getCount=true&pageNo=1&limit=10","host":"localhost:3001","remoteAddress":"::1","remotePort":52610},"msg":"incoming request"}
{"level":30,"time":"2025-09-03T11:53:46.210Z","pid":2520,"hostname":"Chitrarasu","reqId":"req-5i","res":{"statusCode":200},"responseTime":10.5067999958992,"msg":"request completed"}
{"level":30,"time":"2025-09-03T11:53:59.739Z","pid":2520,"hostname":"Chitrarasu","reqId":"req-5j","req":{"method":"GET","url":"/api/notifications/unread-count/1","host":"localhost:3001","remoteAddress":"::1","remotePort":60047},"msg":"incoming request"}
{"level":30,"time":"2025-09-03T11:53:59.743Z","pid":2520,"hostname":"Chitrarasu","reqId":"req-5j","res":{"statusCode":200},"responseTime":4.695700019598007,"msg":"request completed"}
{"level":30,"time":"2025-09-03T11:54:29.729Z","pid":2520,"hostname":"Chitrarasu","reqId":"req-5k","req":{"method":"GET","url":"/api/notifications/unread-count/1","host":"localhost:3001","remoteAddress":"::1","remotePort":53040},"msg":"incoming request"}
{"level":30,"time":"2025-09-03T11:54:29.734Z","pid":2520,"hostname":"Chitrarasu","reqId":"req-5k","res":{"statusCode":200},"responseTime":4.447699993848801,"msg":"request completed"}
{"level":30,"time":"2025-09-03T11:54:59.746Z","pid":2520,"hostname":"Chitrarasu","reqId":"req-5l","req":{"method":"GET","url":"/api/notifications/unread-count/1","host":"localhost:3001","remoteAddress":"::1","remotePort":51414},"msg":"incoming request"}
{"level":30,"time":"2025-09-03T11:54:59.749Z","pid":2520,"hostname":"Chitrarasu","reqId":"req-5l","res":{"statusCode":200},"responseTime":3.1662999987602234,"msg":"request completed"}
{"level":30,"time":"2025-09-03T11:55:29.745Z","pid":2520,"hostname":"Chitrarasu","reqId":"req-5m","req":{"method":"GET","url":"/api/notifications/unread-count/1","host":"localhost:3001","remoteAddress":"::1","remotePort":63743},"msg":"incoming request"}
{"level":30,"time":"2025-09-03T11:55:29.749Z","pid":2520,"hostname":"Chitrarasu","reqId":"req-5m","res":{"statusCode":200},"responseTime":4.517899990081787,"msg":"request completed"}
{"level":30,"time":"2025-09-03T11:55:32.469Z","pid":2520,"hostname":"Chitrarasu","reqId":"req-5n","req":{"method":"GET","url":"/api/reference-master?code=&name=&isActive=true&getCount=true&pageNo=1&limit=10","host":"localhost:3001","remoteAddress":"::1","remotePort":64539},"msg":"incoming request"}
{"level":30,"time":"2025-09-03T11:55:32.480Z","pid":2520,"hostname":"Chitrarasu","reqId":"req-5n","res":{"statusCode":200},"responseTime":10.713899999856949,"msg":"request completed"}
{"level":30,"time":"2025-09-03T11:55:32.494Z","pid":2520,"hostname":"Chitrarasu","reqId":"req-5o","req":{"method":"GET","url":"/api/reference-master?code=&name=&isActive=true&getCount=true&pageNo=1&limit=10","host":"localhost:3001","remoteAddress":"::1","remotePort":64540},"msg":"incoming request"}
{"level":30,"time":"2025-09-03T11:55:32.503Z","pid":2520,"hostname":"Chitrarasu","reqId":"req-5o","res":{"statusCode":200},"responseTime":8.806699991226196,"msg":"request completed"}
{"level":30,"time":"2025-09-03T11:55:33.387Z","pid":2520,"hostname":"Chitrarasu","reqId":"req-5p","req":{"method":"GET","url":"/api/notifications/unread-count/1","host":"localhost:3001","remoteAddress":"::1","remotePort":57995},"msg":"incoming request"}
{"level":30,"time":"2025-09-03T11:55:33.391Z","pid":2520,"hostname":"Chitrarasu","reqId":"req-5p","res":{"statusCode":200},"responseTime":3.2486000061035156,"msg":"request completed"}
{"level":30,"time":"2025-09-03T11:55:33.407Z","pid":2520,"hostname":"Chitrarasu","reqId":"req-5q","req":{"method":"GET","url":"/api/notifications/unread-count/1","host":"localhost:3001","remoteAddress":"::1","remotePort":54988},"msg":"incoming request"}
{"level":30,"time":"2025-09-03T11:55:33.411Z","pid":2520,"hostname":"Chitrarasu","reqId":"req-5q","res":{"statusCode":200},"responseTime":3.6825999915599823,"msg":"request completed"}
{"level":30,"time":"2025-09-03T11:56:03.417Z","pid":2520,"hostname":"Chitrarasu","reqId":"req-5r","req":{"method":"GET","url":"/api/notifications/unread-count/1","host":"localhost:3001","remoteAddress":"::1","remotePort":49196},"msg":"incoming request"}
{"level":30,"time":"2025-09-03T11:56:03.420Z","pid":2520,"hostname":"Chitrarasu","reqId":"req-5r","res":{"statusCode":200},"responseTime":2.9804999828338623,"msg":"request completed"}
{"level":30,"time":"2025-09-03T11:56:33.418Z","pid":2520,"hostname":"Chitrarasu","reqId":"req-5s","req":{"method":"GET","url":"/api/notifications/unread-count/1","host":"localhost:3001","remoteAddress":"::1","remotePort":60277},"msg":"incoming request"}
{"level":30,"time":"2025-09-03T11:56:33.421Z","pid":2520,"hostname":"Chitrarasu","reqId":"req-5s","res":{"statusCode":200},"responseTime":2.375,"msg":"request completed"}
{"level":30,"time":"2025-09-03T11:57:03.481Z","pid":2520,"hostname":"Chitrarasu","reqId":"req-5t","req":{"method":"GET","url":"/api/notifications/unread-count/1","host":"localhost:3001","remoteAddress":"::1","remotePort":57972},"msg":"incoming request"}
{"level":30,"time":"2025-09-03T11:57:03.486Z","pid":2520,"hostname":"Chitrarasu","reqId":"req-5t","res":{"statusCode":200},"responseTime":4.104699999094009,"msg":"request completed"}
{"level":30,"time":"2025-09-03T11:57:33.482Z","pid":2520,"hostname":"Chitrarasu","reqId":"req-5u","req":{"method":"GET","url":"/api/notifications/unread-count/1","host":"localhost:3001","remoteAddress":"::1","remotePort":53058},"msg":"incoming request"}
{"level":30,"time":"2025-09-03T11:57:33.487Z","pid":2520,"hostname":"Chitrarasu","reqId":"req-5u","res":{"statusCode":200},"responseTime":5.024200022220612,"msg":"request completed"}
{"level":30,"time":"2025-09-03T11:58:03.481Z","pid":2520,"hostname":"Chitrarasu","reqId":"req-5v","req":{"method":"GET","url":"/api/notifications/unread-count/1","host":"localhost:3001","remoteAddress":"::1","remotePort":60954},"msg":"incoming request"}
{"level":30,"time":"2025-09-03T11:58:03.485Z","pid":2520,"hostname":"Chitrarasu","reqId":"req-5v","res":{"statusCode":200},"responseTime":4.409099996089935,"msg":"request completed"}
{"level":30,"time":"2025-09-03T11:58:33.482Z","pid":2520,"hostname":"Chitrarasu","reqId":"req-5w","req":{"method":"GET","url":"/api/notifications/unread-count/1","host":"localhost:3001","remoteAddress":"::1","remotePort":64400},"msg":"incoming request"}
{"level":30,"time":"2025-09-03T11:58:33.485Z","pid":2520,"hostname":"Chitrarasu","reqId":"req-5w","res":{"statusCode":200},"responseTime":3.085299998521805,"msg":"request completed"}
{"level":30,"time":"2025-09-03T11:59:25.482Z","pid":2520,"hostname":"Chitrarasu","reqId":"req-5x","req":{"method":"GET","url":"/api/notifications/unread-count/1","host":"localhost:3001","remoteAddress":"::1","remotePort":52578},"msg":"incoming request"}
{"level":30,"time":"2025-09-03T11:59:25.486Z","pid":2520,"hostname":"Chitrarasu","reqId":"req-5x","res":{"statusCode":200},"responseTime":3.5656999945640564,"msg":"request completed"}
{"level":30,"time":"2025-09-03T12:00:25.495Z","pid":2520,"hostname":"Chitrarasu","reqId":"req-5y","req":{"method":"GET","url":"/api/notifications/unread-count/1","host":"localhost:3001","remoteAddress":"::1","remotePort":56074},"msg":"incoming request"}
{"level":30,"time":"2025-09-03T12:00:25.500Z","pid":2520,"hostname":"Chitrarasu","reqId":"req-5y","res":{"statusCode":200},"responseTime":4.763900011777878,"msg":"request completed"}
{"level":30,"time":"2025-09-03T12:01:25.509Z","pid":2520,"hostname":"Chitrarasu","reqId":"req-5z","req":{"method":"GET","url":"/api/notifications/unread-count/1","host":"localhost:3001","remoteAddress":"::1","remotePort":56961},"msg":"incoming request"}
{"level":30,"time":"2025-09-03T12:01:25.515Z","pid":2520,"hostname":"Chitrarasu","reqId":"req-5z","res":{"statusCode":200},"responseTime":5.529699981212616,"msg":"request completed"}
{"level":30,"time":"2025-09-03T12:02:25.482Z","pid":2520,"hostname":"Chitrarasu","reqId":"req-60","req":{"method":"GET","url":"/api/notifications/unread-count/1","host":"localhost:3001","remoteAddress":"::1","remotePort":56546},"msg":"incoming request"}
{"level":30,"time":"2025-09-03T12:02:25.485Z","pid":2520,"hostname":"Chitrarasu","reqId":"req-60","res":{"statusCode":200},"responseTime":3.2265999913215637,"msg":"request completed"}
{"level":30,"time":"2025-09-03T12:03:25.486Z","pid":2520,"hostname":"Chitrarasu","reqId":"req-61","req":{"method":"GET","url":"/api/notifications/unread-count/1","host":"localhost:3001","remoteAddress":"::1","remotePort":50985},"msg":"incoming request"}
{"level":30,"time":"2025-09-03T12:03:25.489Z","pid":2520,"hostname":"Chitrarasu","reqId":"req-61","res":{"statusCode":200},"responseTime":3.405399978160858,"msg":"request completed"}
{"level":30,"time":"2025-09-03T12:04:25.530Z","pid":2520,"hostname":"Chitrarasu","reqId":"req-62","req":{"method":"GET","url":"/api/notifications/unread-count/1","host":"localhost:3001","remoteAddress":"::1","remotePort":58025},"msg":"incoming request"}
{"level":30,"time":"2025-09-03T12:04:25.536Z","pid":2520,"hostname":"Chitrarasu","reqId":"req-62","res":{"statusCode":200},"responseTime":5.27539998292923,"msg":"request completed"}
{"level":30,"time":"2025-09-03T12:05:25.480Z","pid":2520,"hostname":"Chitrarasu","reqId":"req-63","req":{"method":"GET","url":"/api/notifications/unread-count/1","host":"localhost:3001","remoteAddress":"::1","remotePort":55683},"msg":"incoming request"}
{"level":30,"time":"2025-09-03T12:05:25.484Z","pid":2520,"hostname":"Chitrarasu","reqId":"req-63","res":{"statusCode":200},"responseTime":4.0103999972343445,"msg":"request completed"}
{"level":30,"time":"2025-09-03T12:05:38.375Z","pid":2520,"hostname":"Chitrarasu","reqId":"req-64","req":{"method":"GET","url":"/api/reference-master?code=&name=&isActive=true&getCount=true&pageNo=1&limit=10","host":"localhost:3001","remoteAddress":"::1","remotePort":49680},"msg":"incoming request"}
{"level":30,"time":"2025-09-03T12:05:38.456Z","pid":2520,"hostname":"Chitrarasu","reqId":"req-64","res":{"statusCode":200},"responseTime":81.04249998927116,"msg":"request completed"}
{"level":30,"time":"2025-09-03T12:05:38.472Z","pid":2520,"hostname":"Chitrarasu","reqId":"req-65","req":{"method":"GET","url":"/api/reference-master?code=&name=&isActive=true&getCount=true&pageNo=1&limit=10","host":"localhost:3001","remoteAddress":"::1","remotePort":49681},"msg":"incoming request"}
{"level":30,"time":"2025-09-03T12:05:38.487Z","pid":2520,"hostname":"Chitrarasu","reqId":"req-65","res":{"statusCode":200},"responseTime":14.368999987840652,"msg":"request completed"}
{"level":30,"time":"2025-09-03T12:05:38.517Z","pid":2520,"hostname":"Chitrarasu","reqId":"req-66","req":{"method":"GET","url":"/api/notifications/unread-count/1","host":"localhost:3001","remoteAddress":"::1","remotePort":57538},"msg":"incoming request"}
{"level":30,"time":"2025-09-03T12:05:38.520Z","pid":2520,"hostname":"Chitrarasu","reqId":"req-66","res":{"statusCode":200},"responseTime":2.8402000069618225,"msg":"request completed"}
{"level":30,"time":"2025-09-03T12:05:38.541Z","pid":2520,"hostname":"Chitrarasu","reqId":"req-67","req":{"method":"GET","url":"/api/notifications/unread-count/1","host":"localhost:3001","remoteAddress":"::1","remotePort":60774},"msg":"incoming request"}
{"level":30,"time":"2025-09-03T12:05:38.544Z","pid":2520,"hostname":"Chitrarasu","reqId":"req-67","res":{"statusCode":200},"responseTime":3.1135999858379364,"msg":"request completed"}
{"level":30,"time":"2025-09-03T12:17:02.455Z","pid":2520,"hostname":"Chitrarasu","reqId":"req-68","req":{"method":"GET","url":"/api/reference-master?code=&name=&isActive=true&getCount=true&pageNo=1&limit=10","host":"localhost:3001","remoteAddress":"::1","remotePort":58573},"msg":"incoming request"}
{"level":30,"time":"2025-09-03T12:17:02.630Z","pid":2520,"hostname":"Chitrarasu","reqId":"req-69","req":{"method":"GET","url":"/api/notifications/unread-count/1","host":"localhost:3001","remoteAddress":"::1","remotePort":58574},"msg":"incoming request"}
{"level":30,"time":"2025-09-03T12:17:02.932Z","pid":2520,"hostname":"Chitrarasu","reqId":"req-69","res":{"statusCode":200},"responseTime":301.17410001158714,"msg":"request completed"}
{"level":30,"time":"2025-09-03T12:17:02.957Z","pid":2520,"hostname":"Chitrarasu","reqId":"req-6a","req":{"method":"GET","url":"/api/notifications/unread-count/1","host":"localhost:3001","remoteAddress":"::1","remotePort":58575},"msg":"incoming request"}
{"level":30,"time":"2025-09-03T12:17:02.966Z","pid":2520,"hostname":"Chitrarasu","reqId":"req-68","res":{"statusCode":200},"responseTime":495.77309998869896,"msg":"request completed"}
{"level":30,"time":"2025-09-03T12:17:02.967Z","pid":2520,"hostname":"Chitrarasu","reqId":"req-6a","res":{"statusCode":200},"responseTime":9.286300003528595,"msg":"request completed"}
{"level":30,"time":"2025-09-03T12:17:02.989Z","pid":2520,"hostname":"Chitrarasu","reqId":"req-6b","req":{"method":"GET","url":"/api/reference-master?code=&name=&isActive=true&getCount=true&pageNo=1&limit=10","host":"localhost:3001","remoteAddress":"::1","remotePort":58576},"msg":"incoming request"}
{"level":30,"time":"2025-09-03T12:17:03.015Z","pid":2520,"hostname":"Chitrarasu","reqId":"req-6b","res":{"statusCode":200},"responseTime":25.217799991369247,"msg":"request completed"}
{"level":30,"time":"2025-09-03T12:17:11.931Z","pid":2520,"hostname":"Chitrarasu","reqId":"req-6c","req":{"method":"GET","url":"/api/reference-master?code=&name=&isActive=true&getCount=true&pageNo=1&limit=10","host":"localhost:3001","remoteAddress":"::1","remotePort":56659},"msg":"incoming request"}
{"level":30,"time":"2025-09-03T12:17:11.963Z","pid":2520,"hostname":"Chitrarasu","reqId":"req-6c","res":{"statusCode":200},"responseTime":31.96780002117157,"msg":"request completed"}
{"level":30,"time":"2025-09-03T12:17:12.002Z","pid":2520,"hostname":"Chitrarasu","reqId":"req-6d","req":{"method":"GET","url":"/api/reference-master?code=&name=&isActive=true&getCount=true&pageNo=1&limit=10","host":"localhost:3001","remoteAddress":"::1","remotePort":56660},"msg":"incoming request"}
{"level":30,"time":"2025-09-03T12:17:12.022Z","pid":2520,"hostname":"Chitrarasu","reqId":"req-6d","res":{"statusCode":200},"responseTime":19.9447999894619,"msg":"request completed"}
{"level":30,"time":"2025-09-03T12:17:12.032Z","pid":2520,"hostname":"Chitrarasu","reqId":"req-6e","req":{"method":"GET","url":"/api/notifications/unread-count/1","host":"localhost:3001","remoteAddress":"::1","remotePort":62835},"msg":"incoming request"}
{"level":30,"time":"2025-09-03T12:17:12.034Z","pid":2520,"hostname":"Chitrarasu","reqId":"req-6e","res":{"statusCode":200},"responseTime":2.367599993944168,"msg":"request completed"}
{"level":30,"time":"2025-09-03T12:17:12.057Z","pid":2520,"hostname":"Chitrarasu","reqId":"req-6f","req":{"method":"GET","url":"/api/notifications/unread-count/1","host":"localhost:3001","remoteAddress":"::1","remotePort":63211},"msg":"incoming request"}
{"level":30,"time":"2025-09-03T12:17:12.062Z","pid":2520,"hostname":"Chitrarasu","reqId":"req-6f","res":{"statusCode":200},"responseTime":4.4536000192165375,"msg":"request completed"}
{"level":30,"time":"2025-09-03T12:17:31.046Z","pid":2520,"hostname":"Chitrarasu","reqId":"req-6g","req":{"method":"GET","url":"/api/reference-master?code=&name=&isActive=true&getCount=true&pageNo=1&limit=10","host":"localhost:3001","remoteAddress":"::1","remotePort":57170},"msg":"incoming request"}
{"level":30,"time":"2025-09-03T12:17:31.067Z","pid":2520,"hostname":"Chitrarasu","reqId":"req-6g","res":{"statusCode":200},"responseTime":20.73309999704361,"msg":"request completed"}
{"level":30,"time":"2025-09-03T12:17:31.095Z","pid":2520,"hostname":"Chitrarasu","reqId":"req-6h","req":{"method":"GET","url":"/api/reference-master?code=&name=&isActive=true&getCount=true&pageNo=1&limit=10","host":"localhost:3001","remoteAddress":"::1","remotePort":57171},"msg":"incoming request"}
{"level":30,"time":"2025-09-03T12:17:31.111Z","pid":2520,"hostname":"Chitrarasu","reqId":"req-6h","res":{"statusCode":200},"responseTime":15.344799995422363,"msg":"request completed"}
{"level":30,"time":"2025-09-03T12:17:47.669Z","pid":2520,"hostname":"Chitrarasu","reqId":"req-6i","req":{"method":"GET","url":"/api/reference-master?code=&name=&isActive=true&getCount=true&pageNo=1&limit=10","host":"localhost:3001","remoteAddress":"::1","remotePort":52427},"msg":"incoming request"}
{"level":30,"time":"2025-09-03T12:17:47.683Z","pid":2520,"hostname":"Chitrarasu","reqId":"req-6i","res":{"statusCode":200},"responseTime":13.707300007343292,"msg":"request completed"}
{"level":30,"time":"2025-09-03T12:17:47.705Z","pid":2520,"hostname":"Chitrarasu","reqId":"req-6j","req":{"method":"GET","url":"/api/reference-master?code=&name=&isActive=true&getCount=true&pageNo=1&limit=10","host":"localhost:3001","remoteAddress":"::1","remotePort":52428},"msg":"incoming request"}
{"level":30,"time":"2025-09-03T12:17:47.715Z","pid":2520,"hostname":"Chitrarasu","reqId":"req-6j","res":{"statusCode":200},"responseTime":10.30510002374649,"msg":"request completed"}
{"level":30,"time":"2025-09-03T12:17:47.884Z","pid":2520,"hostname":"Chitrarasu","reqId":"req-6k","req":{"method":"GET","url":"/api/notifications/unread-count/1","host":"localhost:3001","remoteAddress":"::1","remotePort":53187},"msg":"incoming request"}
{"level":30,"time":"2025-09-03T12:17:47.886Z","pid":2520,"hostname":"Chitrarasu","reqId":"req-6k","res":{"statusCode":200},"responseTime":2.0150000154972076,"msg":"request completed"}
{"level":30,"time":"2025-09-03T12:17:47.903Z","pid":2520,"hostname":"Chitrarasu","reqId":"req-6l","req":{"method":"GET","url":"/api/notifications/unread-count/1","host":"localhost:3001","remoteAddress":"::1","remotePort":63185},"msg":"incoming request"}
{"level":30,"time":"2025-09-03T12:17:47.905Z","pid":2520,"hostname":"Chitrarasu","reqId":"req-6l","res":{"statusCode":200},"responseTime":2.0573999881744385,"msg":"request completed"}
{"level":30,"time":"2025-09-03T12:18:18.532Z","pid":2520,"hostname":"Chitrarasu","reqId":"req-6m","req":{"method":"GET","url":"/api/notifications/unread-count/1","host":"localhost:3001","remoteAddress":"::1","remotePort":53767},"msg":"incoming request"}
{"level":30,"time":"2025-09-03T12:18:18.536Z","pid":2520,"hostname":"Chitrarasu","reqId":"req-6m","res":{"statusCode":200},"responseTime":3.61939999461174,"msg":"request completed"}
{"level":30,"time":"2025-09-03T12:18:47.903Z","pid":2520,"hostname":"Chitrarasu","reqId":"req-6n","req":{"method":"GET","url":"/api/notifications/unread-count/1","host":"localhost:3001","remoteAddress":"::1","remotePort":64624},"msg":"incoming request"}
{"level":30,"time":"2025-09-03T12:18:47.910Z","pid":2520,"hostname":"Chitrarasu","reqId":"req-6n","res":{"statusCode":200},"responseTime":6.967099994421005,"msg":"request completed"}
{"level":30,"time":"2025-09-03T12:19:17.907Z","pid":2520,"hostname":"Chitrarasu","reqId":"req-6o","req":{"method":"GET","url":"/api/notifications/unread-count/1","host":"localhost:3001","remoteAddress":"::1","remotePort":50459},"msg":"incoming request"}
{"level":30,"time":"2025-09-03T12:19:17.911Z","pid":2520,"hostname":"Chitrarasu","reqId":"req-6o","res":{"statusCode":200},"responseTime":3.117699980735779,"msg":"request completed"}
{"level":30,"time":"2025-09-03T12:19:47.898Z","pid":2520,"hostname":"Chitrarasu","reqId":"req-6p","req":{"method":"GET","url":"/api/notifications/unread-count/1","host":"localhost:3001","remoteAddress":"::1","remotePort":56039},"msg":"incoming request"}
{"level":30,"time":"2025-09-03T12:19:47.902Z","pid":2520,"hostname":"Chitrarasu","reqId":"req-6p","res":{"statusCode":200},"responseTime":4.161899983882904,"msg":"request completed"}
{"level":30,"time":"2025-09-03T12:20:17.901Z","pid":2520,"hostname":"Chitrarasu","reqId":"req-6q","req":{"method":"GET","url":"/api/notifications/unread-count/1","host":"localhost:3001","remoteAddress":"::1","remotePort":57313},"msg":"incoming request"}
{"level":30,"time":"2025-09-03T12:20:17.905Z","pid":2520,"hostname":"Chitrarasu","reqId":"req-6q","res":{"statusCode":200},"responseTime":3.9052000045776367,"msg":"request completed"}
{"level":30,"time":"2025-09-03T12:20:47.893Z","pid":2520,"hostname":"Chitrarasu","reqId":"req-6r","req":{"method":"GET","url":"/api/notifications/unread-count/1","host":"localhost:3001","remoteAddress":"::1","remotePort":57992},"msg":"incoming request"}
{"level":30,"time":"2025-09-03T12:20:47.898Z","pid":2520,"hostname":"Chitrarasu","reqId":"req-6r","res":{"statusCode":200},"responseTime":2.990799993276596,"msg":"request completed"}
{"level":30,"time":"2025-09-03T12:21:17.923Z","pid":2520,"hostname":"Chitrarasu","reqId":"req-6s","req":{"method":"GET","url":"/api/notifications/unread-count/1","host":"localhost:3001","remoteAddress":"::1","remotePort":50639},"msg":"incoming request"}
{"level":30,"time":"2025-09-03T12:21:17.928Z","pid":2520,"hostname":"Chitrarasu","reqId":"req-6s","res":{"statusCode":200},"responseTime":4.4993999898433685,"msg":"request completed"}
{"level":30,"time":"2025-09-03T12:21:47.900Z","pid":2520,"hostname":"Chitrarasu","reqId":"req-6t","req":{"method":"GET","url":"/api/notifications/unread-count/1","host":"localhost:3001","remoteAddress":"::1","remotePort":57905},"msg":"incoming request"}
{"level":30,"time":"2025-09-03T12:21:47.907Z","pid":2520,"hostname":"Chitrarasu","reqId":"req-6t","res":{"statusCode":200},"responseTime":7.518199980258942,"msg":"request completed"}
{"level":30,"time":"2025-09-03T12:22:17.900Z","pid":2520,"hostname":"Chitrarasu","reqId":"req-6u","req":{"method":"GET","url":"/api/notifications/unread-count/1","host":"localhost:3001","remoteAddress":"::1","remotePort":51448},"msg":"incoming request"}
{"level":30,"time":"2025-09-03T12:22:17.903Z","pid":2520,"hostname":"Chitrarasu","reqId":"req-6u","res":{"statusCode":200},"responseTime":2.462900012731552,"msg":"request completed"}
{"level":30,"time":"2025-09-03T12:22:47.908Z","pid":2520,"hostname":"Chitrarasu","reqId":"req-6v","req":{"method":"GET","url":"/api/notifications/unread-count/1","host":"localhost:3001","remoteAddress":"::1","remotePort":51922},"msg":"incoming request"}
{"level":30,"time":"2025-09-03T12:22:47.910Z","pid":2520,"hostname":"Chitrarasu","reqId":"req-6v","res":{"statusCode":200},"responseTime":2.39300000667572,"msg":"request completed"}
{"level":30,"time":"2025-09-03T12:28:43.400Z","pid":2520,"hostname":"Chitrarasu","reqId":"req-6w","req":{"method":"GET","url":"/api/reference-master?id=27&getRefValues=true","host":"localhost:3001","remoteAddress":"::1","remotePort":54531},"msg":"incoming request"}
{"level":30,"time":"2025-09-03T12:28:43.509Z","pid":2520,"hostname":"Chitrarasu","reqId":"req-6x","req":{"method":"GET","url":"/api/notifications/unread-count/1","host":"localhost:3001","remoteAddress":"::1","remotePort":54533},"msg":"incoming request"}
{"level":30,"time":"2025-09-03T12:28:43.642Z","pid":2520,"hostname":"Chitrarasu","reqId":"req-6x","res":{"statusCode":200},"responseTime":133.21149998903275,"msg":"request completed"}
{"level":30,"time":"2025-09-03T12:28:43.660Z","pid":2520,"hostname":"Chitrarasu","reqId":"req-6y","req":{"method":"GET","url":"/api/notifications/unread-count/1","host":"localhost:3001","remoteAddress":"::1","remotePort":57428},"msg":"incoming request"}
{"level":30,"time":"2025-09-03T12:28:43.664Z","pid":2520,"hostname":"Chitrarasu","reqId":"req-6y","res":{"statusCode":200},"responseTime":3.326099991798401,"msg":"request completed"}
{"level":30,"time":"2025-09-03T12:28:43.713Z","pid":2520,"hostname":"Chitrarasu","reqId":"req-6w","res":{"statusCode":200},"responseTime":305.2761999964714,"msg":"request completed"}
{"level":30,"time":"2025-09-03T12:28:43.737Z","pid":2520,"hostname":"Chitrarasu","reqId":"req-6z","req":{"method":"GET","url":"/api/reference-master?id=27&getRefValues=true","host":"localhost:3001","remoteAddress":"::1","remotePort":60569},"msg":"incoming request"}
{"level":30,"time":"2025-09-03T12:28:43.757Z","pid":2520,"hostname":"Chitrarasu","reqId":"req-6z","res":{"statusCode":200},"responseTime":19.363599985837936,"msg":"request completed"}
{"level":30,"time":"2025-09-03T12:28:44.619Z","pid":2520,"hostname":"Chitrarasu","reqId":"req-70","req":{"method":"GET","url":"/api/no-guards/entity?codeOrName=MV+Motor+RORO&limit=10","host":"localhost:3001","remoteAddress":"::1","remotePort":52074},"msg":"incoming request"}
{"level":30,"time":"2025-09-03T12:28:44.631Z","pid":2520,"hostname":"Chitrarasu","reqId":"req-71","req":{"method":"GET","url":"/api/entity?codeOrName=MV+Motor+RORO&limit=10","host":"localhost:3001","remoteAddress":"127.0.0.1"},"msg":"incoming request"}
{"level":30,"time":"2025-09-03T12:28:44.707Z","pid":2520,"hostname":"Chitrarasu","reqId":"req-71","res":{"statusCode":200},"responseTime":76.30480000376701,"msg":"request completed"}
{"level":30,"time":"2025-09-03T12:28:44.711Z","pid":2520,"hostname":"Chitrarasu","reqId":"req-70","res":{"statusCode":200},"responseTime":91.40099999308586,"msg":"request completed"}
{"level":30,"time":"2025-09-03T12:29:13.555Z","pid":2520,"hostname":"Chitrarasu","reqId":"req-72","req":{"method":"GET","url":"/api/notifications/unread-count/1","host":"localhost:3001","remoteAddress":"::1","remotePort":65139},"msg":"incoming request"}
{"level":30,"time":"2025-09-03T12:29:13.564Z","pid":2520,"hostname":"Chitrarasu","reqId":"req-72","res":{"statusCode":200},"responseTime":7.981299996376038,"msg":"request completed"}
{"level":30,"time":"2025-09-03T12:29:43.623Z","pid":2520,"hostname":"Chitrarasu","reqId":"req-73","req":{"method":"GET","url":"/api/notifications/unread-count/1","host":"localhost:3001","remoteAddress":"::1","remotePort":61158},"msg":"incoming request"}
{"level":30,"time":"2025-09-03T12:29:43.628Z","pid":2520,"hostname":"Chitrarasu","reqId":"req-73","res":{"statusCode":200},"responseTime":4.778699994087219,"msg":"request completed"}
{"level":30,"time":"2025-09-03T12:30:13.570Z","pid":2520,"hostname":"Chitrarasu","reqId":"req-74","req":{"method":"GET","url":"/api/notifications/unread-count/1","host":"localhost:3001","remoteAddress":"::1","remotePort":54752},"msg":"incoming request"}
{"level":30,"time":"2025-09-03T12:30:13.574Z","pid":2520,"hostname":"Chitrarasu","reqId":"req-74","res":{"statusCode":200},"responseTime":3.126900017261505,"msg":"request completed"}
{"level":30,"time":"2025-09-03T12:30:20.275Z","pid":2520,"hostname":"Chitrarasu","reqId":"req-75","req":{"method":"GET","url":"/api/notifications/unread-count/1","host":"localhost:3001","remoteAddress":"::1","remotePort":62106},"msg":"incoming request"}
{"level":30,"time":"2025-09-03T12:30:20.279Z","pid":2520,"hostname":"Chitrarasu","reqId":"req-75","res":{"statusCode":200},"responseTime":3.647000014781952,"msg":"request completed"}
{"level":30,"time":"2025-09-03T12:30:20.294Z","pid":2520,"hostname":"Chitrarasu","reqId":"req-76","req":{"method":"GET","url":"/api/notifications/unread-count/1","host":"localhost:3001","remoteAddress":"::1","remotePort":65170},"msg":"incoming request"}
{"level":30,"time":"2025-09-03T12:30:20.296Z","pid":2520,"hostname":"Chitrarasu","reqId":"req-76","res":{"statusCode":200},"responseTime":2.1053999960422516,"msg":"request completed"}
{"level":30,"time":"2025-09-03T12:30:20.573Z","pid":2520,"hostname":"Chitrarasu","reqId":"req-77","req":{"method":"GET","url":"/api/no-guards/entity?codeOrName=&limit=10","host":"localhost:3001","remoteAddress":"::1","remotePort":53755},"msg":"incoming request"}
{"level":30,"time":"2025-09-03T12:30:20.575Z","pid":2520,"hostname":"Chitrarasu","reqId":"req-78","req":{"method":"GET","url":"/api/entity?codeOrName=&limit=10","host":"localhost:3001","remoteAddress":"127.0.0.1"},"msg":"incoming request"}
{"level":30,"time":"2025-09-03T12:30:20.690Z","pid":2520,"hostname":"Chitrarasu","reqId":"req-78","res":{"statusCode":200},"responseTime":114.19789999723434,"msg":"request completed"}
{"level":30,"time":"2025-09-03T12:30:20.696Z","pid":2520,"hostname":"Chitrarasu","reqId":"req-77","res":{"statusCode":200},"responseTime":122.56759998202324,"msg":"request completed"}
{"level":30,"time":"2025-09-03T12:30:50.287Z","pid":2520,"hostname":"Chitrarasu","reqId":"req-79","req":{"method":"GET","url":"/api/notifications/unread-count/1","host":"localhost:3001","remoteAddress":"::1","remotePort":53836},"msg":"incoming request"}
{"level":30,"time":"2025-09-03T12:30:50.291Z","pid":2520,"hostname":"Chitrarasu","reqId":"req-79","res":{"statusCode":200},"responseTime":3.5730000138282776,"msg":"request completed"}
{"level":30,"time":"2025-09-03T12:31:20.345Z","pid":2520,"hostname":"Chitrarasu","reqId":"req-7a","req":{"method":"GET","url":"/api/notifications/unread-count/1","host":"localhost:3001","remoteAddress":"::1","remotePort":58582},"msg":"incoming request"}
{"level":30,"time":"2025-09-03T12:31:20.350Z","pid":2520,"hostname":"Chitrarasu","reqId":"req-7a","res":{"statusCode":200},"responseTime":5.23319998383522,"msg":"request completed"}
{"level":30,"time":"2025-09-03T12:31:50.296Z","pid":2520,"hostname":"Chitrarasu","reqId":"req-7b","req":{"method":"GET","url":"/api/notifications/unread-count/1","host":"localhost:3001","remoteAddress":"::1","remotePort":56747},"msg":"incoming request"}
{"level":30,"time":"2025-09-03T12:31:50.300Z","pid":2520,"hostname":"Chitrarasu","reqId":"req-7b","res":{"statusCode":200},"responseTime":4.136099994182587,"msg":"request completed"}
{"level":30,"time":"2025-09-03T12:32:20.286Z","pid":2520,"hostname":"Chitrarasu","reqId":"req-7c","req":{"method":"GET","url":"/api/notifications/unread-count/1","host":"localhost:3001","remoteAddress":"::1","remotePort":57424},"msg":"incoming request"}
{"level":30,"time":"2025-09-03T12:32:20.292Z","pid":2520,"hostname":"Chitrarasu","reqId":"req-7c","res":{"statusCode":200},"responseTime":5.538300007581711,"msg":"request completed"}
{"level":30,"time":"2025-09-03T12:32:50.295Z","pid":2520,"hostname":"Chitrarasu","reqId":"req-7d","req":{"method":"GET","url":"/api/notifications/unread-count/1","host":"localhost:3001","remoteAddress":"::1","remotePort":57061},"msg":"incoming request"}
{"level":30,"time":"2025-09-03T12:32:50.299Z","pid":2520,"hostname":"Chitrarasu","reqId":"req-7d","res":{"statusCode":200},"responseTime":4.252600014209747,"msg":"request completed"}
{"level":30,"time":"2025-09-03T12:33:20.287Z","pid":2520,"hostname":"Chitrarasu","reqId":"req-7e","req":{"method":"GET","url":"/api/notifications/unread-count/1","host":"localhost:3001","remoteAddress":"::1","remotePort":59620},"msg":"incoming request"}
{"level":30,"time":"2025-09-03T12:33:20.291Z","pid":2520,"hostname":"Chitrarasu","reqId":"req-7e","res":{"statusCode":200},"responseTime":4.210500001907349,"msg":"request completed"}
{"level":30,"time":"2025-09-03T12:33:50.289Z","pid":2520,"hostname":"Chitrarasu","reqId":"req-7f","req":{"method":"GET","url":"/api/notifications/unread-count/1","host":"localhost:3001","remoteAddress":"::1","remotePort":50370},"msg":"incoming request"}
{"level":30,"time":"2025-09-03T12:33:50.292Z","pid":2520,"hostname":"Chitrarasu","reqId":"req-7f","res":{"statusCode":200},"responseTime":2.51800000667572,"msg":"request completed"}
{"level":30,"time":"2025-09-03T12:34:20.289Z","pid":2520,"hostname":"Chitrarasu","reqId":"req-7g","req":{"method":"GET","url":"/api/notifications/unread-count/1","host":"localhost:3001","remoteAddress":"::1","remotePort":55197},"msg":"incoming request"}
{"level":30,"time":"2025-09-03T12:34:20.292Z","pid":2520,"hostname":"Chitrarasu","reqId":"req-7g","res":{"statusCode":200},"responseTime":2.622999995946884,"msg":"request completed"}
{"level":30,"time":"2025-09-03T12:34:50.285Z","pid":2520,"hostname":"Chitrarasu","reqId":"req-7h","req":{"method":"GET","url":"/api/notifications/unread-count/1","host":"localhost:3001","remoteAddress":"::1","remotePort":55582},"msg":"incoming request"}
{"level":30,"time":"2025-09-03T12:34:50.288Z","pid":2520,"hostname":"Chitrarasu","reqId":"req-7h","res":{"statusCode":200},"responseTime":2.5904000103473663,"msg":"request completed"}
{"level":30,"time":"2025-09-03T12:35:20.687Z","pid":2520,"hostname":"Chitrarasu","reqId":"req-7i","req":{"method":"GET","url":"/api/notifications/unread-count/1","host":"localhost:3001","remoteAddress":"::1","remotePort":63629},"msg":"incoming request"}
{"level":30,"time":"2025-09-03T12:35:20.693Z","pid":2520,"hostname":"Chitrarasu","reqId":"req-7i","res":{"statusCode":200},"responseTime":5.541900008916855,"msg":"request completed"}
{"level":30,"time":"2025-09-03T12:35:50.296Z","pid":2520,"hostname":"Chitrarasu","reqId":"req-7j","req":{"method":"GET","url":"/api/notifications/unread-count/1","host":"localhost:3001","remoteAddress":"::1","remotePort":58309},"msg":"incoming request"}
{"level":30,"time":"2025-09-03T12:35:50.299Z","pid":2520,"hostname":"Chitrarasu","reqId":"req-7j","res":{"statusCode":200},"responseTime":3.063299983739853,"msg":"request completed"}
{"level":30,"time":"2025-09-03T12:36:20.288Z","pid":2520,"hostname":"Chitrarasu","reqId":"req-7k","req":{"method":"GET","url":"/api/notifications/unread-count/1","host":"localhost:3001","remoteAddress":"::1","remotePort":51676},"msg":"incoming request"}
{"level":30,"time":"2025-09-03T12:36:20.291Z","pid":2520,"hostname":"Chitrarasu","reqId":"req-7k","res":{"statusCode":200},"responseTime":3.386700004339218,"msg":"request completed"}
{"level":30,"time":"2025-09-03T12:36:50.286Z","pid":2520,"hostname":"Chitrarasu","reqId":"req-7l","req":{"method":"GET","url":"/api/notifications/unread-count/1","host":"localhost:3001","remoteAddress":"::1","remotePort":63967},"msg":"incoming request"}
{"level":30,"time":"2025-09-03T12:36:50.289Z","pid":2520,"hostname":"Chitrarasu","reqId":"req-7l","res":{"statusCode":200},"responseTime":2.9916000068187714,"msg":"request completed"}
{"level":30,"time":"2025-09-03T12:37:20.287Z","pid":2520,"hostname":"Chitrarasu","reqId":"req-7m","req":{"method":"GET","url":"/api/notifications/unread-count/1","host":"localhost:3001","remoteAddress":"::1","remotePort":55708},"msg":"incoming request"}
{"level":30,"time":"2025-09-03T12:37:20.290Z","pid":2520,"hostname":"Chitrarasu","reqId":"req-7m","res":{"statusCode":200},"responseTime":2.8228000104427338,"msg":"request completed"}
{"level":30,"time":"2025-09-03T12:37:50.287Z","pid":2520,"hostname":"Chitrarasu","reqId":"req-7n","req":{"method":"GET","url":"/api/notifications/unread-count/1","host":"localhost:3001","remoteAddress":"::1","remotePort":64449},"msg":"incoming request"}
{"level":30,"time":"2025-09-03T12:37:50.293Z","pid":2520,"hostname":"Chitrarasu","reqId":"req-7n","res":{"statusCode":200},"responseTime":5.786899983882904,"msg":"request completed"}
{"level":30,"time":"2025-09-03T12:38:20.289Z","pid":2520,"hostname":"Chitrarasu","reqId":"req-7o","req":{"method":"GET","url":"/api/notifications/unread-count/1","host":"localhost:3001","remoteAddress":"::1","remotePort":63374},"msg":"incoming request"}
{"level":30,"time":"2025-09-03T12:38:20.295Z","pid":2520,"hostname":"Chitrarasu","reqId":"req-7o","res":{"statusCode":200},"responseTime":5.140500009059906,"msg":"request completed"}
{"level":30,"time":"2025-09-03T12:40:27.221Z","pid":2520,"hostname":"Chitrarasu","reqId":"req-7p","req":{"method":"GET","url":"/api/notifications/unread-count/1","host":"localhost:3001","remoteAddress":"::1","remotePort":63658},"msg":"incoming request"}
{"level":30,"time":"2025-09-03T12:40:27.229Z","pid":2520,"hostname":"Chitrarasu","reqId":"req-7p","res":{"statusCode":200},"responseTime":7.960600018501282,"msg":"request completed"}
{"level":30,"time":"2025-09-03T12:40:40.546Z","pid":2520,"hostname":"Chitrarasu","reqId":"req-7q","req":{"method":"GET","url":"/api/reference-master?code=&name=&isActive=true&getCount=true&pageNo=1&limit=10","host":"localhost:3001","remoteAddress":"::1","remotePort":56999},"msg":"incoming request"}
{"level":30,"time":"2025-09-03T12:40:40.689Z","pid":2520,"hostname":"Chitrarasu","reqId":"req-7q","res":{"statusCode":200},"responseTime":138.654599994421,"msg":"request completed"}
{"level":30,"time":"2025-09-03T12:40:40.714Z","pid":2520,"hostname":"Chitrarasu","reqId":"req-7r","req":{"method":"GET","url":"/api/reference-master?code=&name=&isActive=true&getCount=true&pageNo=1&limit=10","host":"localhost:3001","remoteAddress":"::1","remotePort":57000},"msg":"incoming request"}
{"level":30,"time":"2025-09-03T12:40:40.723Z","pid":2520,"hostname":"Chitrarasu","reqId":"req-7r","res":{"statusCode":200},"responseTime":8.55340000987053,"msg":"request completed"}
{"level":30,"time":"2025-09-03T12:40:41.715Z","pid":2520,"hostname":"Chitrarasu","reqId":"req-7s","req":{"method":"GET","url":"/api/notifications/unread-count/1","host":"localhost:3001","remoteAddress":"::1","remotePort":57001},"msg":"incoming request"}
{"level":30,"time":"2025-09-03T12:40:41.718Z","pid":2520,"hostname":"Chitrarasu","reqId":"req-7s","res":{"statusCode":200},"responseTime":2.9517000019550323,"msg":"request completed"}
{"level":30,"time":"2025-09-03T12:40:41.734Z","pid":2520,"hostname":"Chitrarasu","reqId":"req-7t","req":{"method":"GET","url":"/api/notifications/unread-count/1","host":"localhost:3001","remoteAddress":"::1","remotePort":57002},"msg":"incoming request"}
{"level":30,"time":"2025-09-03T12:40:41.736Z","pid":2520,"hostname":"Chitrarasu","reqId":"req-7t","res":{"statusCode":200},"responseTime":2.055999994277954,"msg":"request completed"}
{"level":30,"time":"2025-09-03T12:40:46.356Z","pid":2520,"hostname":"Chitrarasu","reqId":"req-7u","req":{"method":"GET","url":"/api/no-guards/entity?codeOrName=&limit=10","host":"localhost:3001","remoteAddress":"::1","remotePort":57003},"msg":"incoming request"}
{"level":30,"time":"2025-09-03T12:40:46.359Z","pid":2520,"hostname":"Chitrarasu","reqId":"req-7v","req":{"method":"GET","url":"/api/entity?codeOrName=&limit=10","host":"localhost:3001","remoteAddress":"127.0.0.1"},"msg":"incoming request"}
{"level":30,"time":"2025-09-03T12:40:46.367Z","pid":2520,"hostname":"Chitrarasu","reqId":"req-7v","res":{"statusCode":200},"responseTime":8.145699977874756,"msg":"request completed"}
{"level":30,"time":"2025-09-03T12:40:46.369Z","pid":2520,"hostname":"Chitrarasu","reqId":"req-7u","res":{"statusCode":200},"responseTime":13.062299996614456,"msg":"request completed"}
{"level":30,"time":"2025-09-03T12:41:11.873Z","pid":2520,"hostname":"Chitrarasu","reqId":"req-7w","req":{"method":"GET","url":"/api/notifications/unread-count/1","host":"localhost:3001","remoteAddress":"::1","remotePort":61733},"msg":"incoming request"}
{"level":30,"time":"2025-09-03T12:41:11.878Z","pid":2520,"hostname":"Chitrarasu","reqId":"req-7w","res":{"statusCode":200},"responseTime":5.403499990701675,"msg":"request completed"}
{"level":30,"time":"2025-09-03T12:41:41.794Z","pid":2520,"hostname":"Chitrarasu","reqId":"req-7x","req":{"method":"GET","url":"/api/notifications/unread-count/1","host":"localhost:3001","remoteAddress":"::1","remotePort":49986},"msg":"incoming request"}
{"level":30,"time":"2025-09-03T12:41:41.801Z","pid":2520,"hostname":"Chitrarasu","reqId":"req-7x","res":{"statusCode":200},"responseTime":6.409099996089935,"msg":"request completed"}
{"level":30,"time":"2025-09-03T12:42:11.721Z","pid":2520,"hostname":"Chitrarasu","reqId":"req-7y","req":{"method":"GET","url":"/api/notifications/unread-count/1","host":"localhost:3001","remoteAddress":"::1","remotePort":63809},"msg":"incoming request"}
{"level":30,"time":"2025-09-03T12:42:11.726Z","pid":2520,"hostname":"Chitrarasu","reqId":"req-7y","res":{"statusCode":200},"responseTime":4.5719999969005585,"msg":"request completed"}
{"level":30,"time":"2025-09-03T12:42:41.721Z","pid":2520,"hostname":"Chitrarasu","reqId":"req-7z","req":{"method":"GET","url":"/api/notifications/unread-count/1","host":"localhost:3001","remoteAddress":"::1","remotePort":54116},"msg":"incoming request"}
{"level":30,"time":"2025-09-03T12:42:41.730Z","pid":2520,"hostname":"Chitrarasu","reqId":"req-7z","res":{"statusCode":200},"responseTime":8.643900007009506,"msg":"request completed"}
{"level":30,"time":"2025-09-03T12:43:11.728Z","pid":2520,"hostname":"Chitrarasu","reqId":"req-80","req":{"method":"GET","url":"/api/notifications/unread-count/1","host":"localhost:3001","remoteAddress":"::1","remotePort":60944},"msg":"incoming request"}
{"level":30,"time":"2025-09-03T12:43:11.731Z","pid":2520,"hostname":"Chitrarasu","reqId":"req-80","res":{"statusCode":200},"responseTime":2.3091000020504,"msg":"request completed"}
{"level":30,"time":"2025-09-03T12:43:41.720Z","pid":2520,"hostname":"Chitrarasu","reqId":"req-81","req":{"method":"GET","url":"/api/notifications/unread-count/1","host":"localhost:3001","remoteAddress":"::1","remotePort":49677},"msg":"incoming request"}
{"level":30,"time":"2025-09-03T12:43:41.723Z","pid":2520,"hostname":"Chitrarasu","reqId":"req-81","res":{"statusCode":200},"responseTime":2.8239000141620636,"msg":"request completed"}
{"level":30,"time":"2025-09-03T12:44:11.722Z","pid":2520,"hostname":"Chitrarasu","reqId":"req-82","req":{"method":"GET","url":"/api/notifications/unread-count/1","host":"localhost:3001","remoteAddress":"::1","remotePort":65511},"msg":"incoming request"}
{"level":30,"time":"2025-09-03T12:44:11.725Z","pid":2520,"hostname":"Chitrarasu","reqId":"req-82","res":{"statusCode":200},"responseTime":2.837699979543686,"msg":"request completed"}
{"level":30,"time":"2025-09-03T12:44:42.503Z","pid":2520,"hostname":"Chitrarasu","reqId":"req-83","req":{"method":"GET","url":"/api/notifications/unread-count/1","host":"localhost:3001","remoteAddress":"::1","remotePort":51295},"msg":"incoming request"}
{"level":30,"time":"2025-09-03T12:44:42.525Z","pid":2520,"hostname":"Chitrarasu","reqId":"req-83","res":{"statusCode":200},"responseTime":21.635399997234344,"msg":"request completed"}
{"level":30,"time":"2025-09-03T12:45:11.723Z","pid":2520,"hostname":"Chitrarasu","reqId":"req-84","req":{"method":"GET","url":"/api/notifications/unread-count/1","host":"localhost:3001","remoteAddress":"::1","remotePort":64937},"msg":"incoming request"}
{"level":30,"time":"2025-09-03T12:45:11.727Z","pid":2520,"hostname":"Chitrarasu","reqId":"req-84","res":{"statusCode":200},"responseTime":4.065300017595291,"msg":"request completed"}
{"level":30,"time":"2025-09-03T12:45:33.417Z","pid":2520,"hostname":"Chitrarasu","reqId":"req-85","req":{"method":"GET","url":"/api/reference-master?code=&name=&isActive=true&getCount=true&pageNo=1&limit=10","host":"localhost:3001","remoteAddress":"::1","remotePort":49753},"msg":"incoming request"}
{"level":30,"time":"2025-09-03T12:45:33.559Z","pid":2520,"hostname":"Chitrarasu","reqId":"req-85","res":{"statusCode":200},"responseTime":141.82590001821518,"msg":"request completed"}
{"level":30,"time":"2025-09-03T12:45:33.589Z","pid":2520,"hostname":"Chitrarasu","reqId":"req-86","req":{"method":"GET","url":"/api/notifications/unread-count/1","host":"localhost:3001","remoteAddress":"::1","remotePort":49754},"msg":"incoming request"}
{"level":30,"time":"2025-09-03T12:45:33.591Z","pid":2520,"hostname":"Chitrarasu","reqId":"req-87","req":{"method":"GET","url":"/api/reference-master?code=&name=&isActive=true&getCount=true&pageNo=1&limit=10","host":"localhost:3001","remoteAddress":"::1","remotePort":49755},"msg":"incoming request"}
{"level":30,"time":"2025-09-03T12:45:33.594Z","pid":2520,"hostname":"Chitrarasu","reqId":"req-86","res":{"statusCode":200},"responseTime":5.2732000052928925,"msg":"request completed"}
{"level":30,"time":"2025-09-03T12:45:33.611Z","pid":2520,"hostname":"Chitrarasu","reqId":"req-88","req":{"method":"GET","url":"/api/notifications/unread-count/1","host":"localhost:3001","remoteAddress":"::1","remotePort":49756},"msg":"incoming request"}
{"level":30,"time":"2025-09-03T12:45:33.613Z","pid":2520,"hostname":"Chitrarasu","reqId":"req-88","res":{"statusCode":200},"responseTime":1.8692000210285187,"msg":"request completed"}
{"level":30,"time":"2025-09-03T12:45:33.622Z","pid":2520,"hostname":"Chitrarasu","reqId":"req-87","res":{"statusCode":200},"responseTime":31.221500009298325,"msg":"request completed"}
{"level":30,"time":"2025-09-03T12:45:36.419Z","pid":2520,"hostname":"Chitrarasu","reqId":"req-89","req":{"method":"GET","url":"/api/reference-master?id=27&getRefValues=true","host":"localhost:3001","remoteAddress":"::1","remotePort":49758},"msg":"incoming request"}
{"level":30,"time":"2025-09-03T12:45:36.498Z","pid":2520,"hostname":"Chitrarasu","reqId":"req-89","res":{"statusCode":200},"responseTime":78.57789999246597,"msg":"request completed"}
{"level":30,"time":"2025-09-03T12:45:36.515Z","pid":2520,"hostname":"Chitrarasu","reqId":"req-8a","req":{"method":"GET","url":"/api/reference-master?id=27&getRefValues=true","host":"localhost:3001","remoteAddress":"::1","remotePort":60764},"msg":"incoming request"}
{"level":30,"time":"2025-09-03T12:45:36.531Z","pid":2520,"hostname":"Chitrarasu","reqId":"req-8a","res":{"statusCode":200},"responseTime":15.458200007677078,"msg":"request completed"}
{"level":30,"time":"2025-09-03T12:45:37.111Z","pid":2520,"hostname":"Chitrarasu","reqId":"req-8b","req":{"method":"GET","url":"/api/no-guards/entity?codeOrName=MV+Motor+RORO&limit=10","host":"localhost:3001","remoteAddress":"::1","remotePort":64490},"msg":"incoming request"}
{"level":30,"time":"2025-09-03T12:45:37.112Z","pid":2520,"hostname":"Chitrarasu","reqId":"req-8c","req":{"method":"GET","url":"/api/entity?codeOrName=MV+Motor+RORO&limit=10","host":"localhost:3001","remoteAddress":"127.0.0.1"},"msg":"incoming request"}
{"level":30,"time":"2025-09-03T12:45:37.139Z","pid":2520,"hostname":"Chitrarasu","reqId":"req-8c","res":{"statusCode":200},"responseTime":26.954099982976913,"msg":"request completed"}
{"level":30,"time":"2025-09-03T12:45:37.140Z","pid":2520,"hostname":"Chitrarasu","reqId":"req-8b","res":{"statusCode":200},"responseTime":29.554200023412704,"msg":"request completed"}
{"level":30,"time":"2025-09-03T12:46:01.884Z","pid":2520,"hostname":"Chitrarasu","reqId":"req-8d","req":{"method":"GET","url":"/api/reference-master?code=&name=&isActive=true&getCount=true&pageNo=1&limit=10","host":"localhost:3001","remoteAddress":"::1","remotePort":51339},"msg":"incoming request"}
{"level":30,"time":"2025-09-03T12:46:01.899Z","pid":2520,"hostname":"Chitrarasu","reqId":"req-8d","res":{"statusCode":200},"responseTime":14.669699996709824,"msg":"request completed"}
{"level":30,"time":"2025-09-03T12:46:01.926Z","pid":2520,"hostname":"Chitrarasu","reqId":"req-8e","req":{"method":"GET","url":"/api/reference-master?code=&name=&isActive=true&getCount=true&pageNo=1&limit=10","host":"localhost:3001","remoteAddress":"::1","remotePort":51340},"msg":"incoming request"}
{"level":30,"time":"2025-09-03T12:46:01.946Z","pid":2520,"hostname":"Chitrarasu","reqId":"req-8e","res":{"statusCode":200},"responseTime":19.773800015449524,"msg":"request completed"}
{"level":30,"time":"2025-09-03T12:46:03.594Z","pid":2520,"hostname":"Chitrarasu","reqId":"req-8f","req":{"method":"GET","url":"/api/notifications/unread-count/1","host":"localhost:3001","remoteAddress":"::1","remotePort":57562},"msg":"incoming request"}
{"level":30,"time":"2025-09-03T12:46:03.603Z","pid":2520,"hostname":"Chitrarasu","reqId":"req-8f","res":{"statusCode":200},"responseTime":8.598399996757507,"msg":"request completed"}
{"level":30,"time":"2025-09-03T12:46:05.236Z","pid":2520,"hostname":"Chitrarasu","reqId":"req-8g","req":{"method":"GET","url":"/api/no-guards/entity?codeOrName=&limit=10","host":"localhost:3001","remoteAddress":"::1","remotePort":52688},"msg":"incoming request"}
{"level":30,"time":"2025-09-03T12:46:05.237Z","pid":2520,"hostname":"Chitrarasu","reqId":"req-8h","req":{"method":"GET","url":"/api/entity?codeOrName=&limit=10","host":"localhost:3001","remoteAddress":"127.0.0.1"},"msg":"incoming request"}
{"level":30,"time":"2025-09-03T12:46:05.246Z","pid":2520,"hostname":"Chitrarasu","reqId":"req-8h","res":{"statusCode":200},"responseTime":9.173700004816055,"msg":"request completed"}
{"level":30,"time":"2025-09-03T12:46:05.248Z","pid":2520,"hostname":"Chitrarasu","reqId":"req-8g","res":{"statusCode":200},"responseTime":11.985500007867813,"msg":"request completed"}
{"level":30,"time":"2025-09-03T12:46:05.896Z","pid":2520,"hostname":"Chitrarasu","reqId":"req-8i","req":{"method":"GET","url":"/api/reference-master?code=&name=&isActive=true&getCount=true&pageNo=1&limit=10","host":"localhost:3001","remoteAddress":"::1","remotePort":58777},"msg":"incoming request"}
{"level":30,"time":"2025-09-03T12:46:05.905Z","pid":2520,"hostname":"Chitrarasu","reqId":"req-8i","res":{"statusCode":200},"responseTime":9.512700021266937,"msg":"request completed"}
{"level":30,"time":"2025-09-03T12:46:05.923Z","pid":2520,"hostname":"Chitrarasu","reqId":"req-8j","req":{"method":"GET","url":"/api/reference-master?code=&name=&isActive=true&getCount=true&pageNo=1&limit=10","host":"localhost:3001","remoteAddress":"::1","remotePort":58723},"msg":"incoming request"}
{"level":30,"time":"2025-09-03T12:46:05.939Z","pid":2520,"hostname":"Chitrarasu","reqId":"req-8j","res":{"statusCode":200},"responseTime":15.842400014400482,"msg":"request completed"}
{"level":30,"time":"2025-09-03T12:46:33.596Z","pid":2520,"hostname":"Chitrarasu","reqId":"req-8k","req":{"method":"GET","url":"/api/notifications/unread-count/1","host":"localhost:3001","remoteAddress":"::1","remotePort":59248},"msg":"incoming request"}
{"level":30,"time":"2025-09-03T12:46:33.599Z","pid":2520,"hostname":"Chitrarasu","reqId":"req-8k","res":{"statusCode":200},"responseTime":2.9054999947547913,"msg":"request completed"}
{"level":30,"time":"2025-09-03T12:47:03.603Z","pid":2520,"hostname":"Chitrarasu","reqId":"req-8l","req":{"method":"GET","url":"/api/notifications/unread-count/1","host":"localhost:3001","remoteAddress":"::1","remotePort":49677},"msg":"incoming request"}
{"level":30,"time":"2025-09-03T12:47:03.605Z","pid":2520,"hostname":"Chitrarasu","reqId":"req-8l","res":{"statusCode":200},"responseTime":1.9805999994277954,"msg":"request completed"}
{"level":30,"time":"2025-09-03T12:47:33.613Z","pid":2520,"hostname":"Chitrarasu","reqId":"req-8m","req":{"method":"GET","url":"/api/notifications/unread-count/1","host":"localhost:3001","remoteAddress":"::1","remotePort":58859},"msg":"incoming request"}
{"level":30,"time":"2025-09-03T12:47:33.621Z","pid":2520,"hostname":"Chitrarasu","reqId":"req-8m","res":{"statusCode":200},"responseTime":7.518900007009506,"msg":"request completed"}
{"level":30,"time":"2025-09-03T12:48:03.611Z","pid":2520,"hostname":"Chitrarasu","reqId":"req-8n","req":{"method":"GET","url":"/api/notifications/unread-count/1","host":"localhost:3001","remoteAddress":"::1","remotePort":52219},"msg":"incoming request"}
{"level":30,"time":"2025-09-03T12:48:03.617Z","pid":2520,"hostname":"Chitrarasu","reqId":"req-8n","res":{"statusCode":200},"responseTime":5.590500026941299,"msg":"request completed"}
{"level":30,"time":"2025-09-03T12:48:33.613Z","pid":2520,"hostname":"Chitrarasu","reqId":"req-8o","req":{"method":"GET","url":"/api/notifications/unread-count/1","host":"localhost:3001","remoteAddress":"::1","remotePort":58721},"msg":"incoming request"}
{"level":30,"time":"2025-09-03T12:48:33.621Z","pid":2520,"hostname":"Chitrarasu","reqId":"req-8o","res":{"statusCode":200},"responseTime":7.746800005435944,"msg":"request completed"}
{"level":30,"time":"2025-09-03T12:49:03.613Z","pid":2520,"hostname":"Chitrarasu","reqId":"req-8p","req":{"method":"GET","url":"/api/notifications/unread-count/1","host":"localhost:3001","remoteAddress":"::1","remotePort":63238},"msg":"incoming request"}
{"level":30,"time":"2025-09-03T12:49:03.618Z","pid":2520,"hostname":"Chitrarasu","reqId":"req-8p","res":{"statusCode":200},"responseTime":5.51010000705719,"msg":"request completed"}
{"level":30,"time":"2025-09-03T12:54:16.634Z","pid":11680,"hostname":"Chitrarasu","msg":"Server listening at http://[::1]:3001"}
{"level":30,"time":"2025-09-03T12:54:16.640Z","pid":11680,"hostname":"Chitrarasu","msg":"Server listening at http://127.0.0.1:3001"}
